/*C3*/SET SCHEMA PUBLIC
drop table if exists Entrenador cascade 
drop table if exists Equipo cascade 
drop table if exists Jugador cascade 
drop table if exists nacionalidades cascade 
drop table if exists Pais cascade 
create table Entrenador (id integer generated by default as identity (start with 1), nombre varchar(255), pais_iso3 CHAR(3) not null, primary key (id))
create table Equipo (entrenador_id integer unique, id integer generated by default as identity (start with 1), nombre varchar(255), pais_iso3 CHAR(3), primary key (id))
create table Jugador (demarcacion tinyint check (demarcacion between 0 and 3), dorsal integer not null, equipo_id integer, nacimiento date, id bigint generated by default as identity (start with 1), nombre varchar(255), primary key (id))
create table nacionalidades (Jugador_id bigint not null, pais_iso3 CHAR(3) not null, primary key (Jugador_id, pais_iso3))
create table Pais (nombre varchar(50), iso3 CHAR(3) not null, primary key (iso3))
alter table Entrenador add constraint FKt6wlypd2mqu3ij5j4b9exwwp5 foreign key (pais_iso3) references Pais
alter table Equipo add constraint FKbinksoacqrc022eurtnprljb3 foreign key (entrenador_id) references Entrenador
alter table Equipo add constraint FKoqwgmlpakpchvaj0di6pbxwv8 foreign key (pais_iso3) references Pais
alter table Jugador add constraint FKaum61vdoi1f4v3nb6e27tdpdt foreign key (equipo_id) references Equipo
alter table nacionalidades add constraint FKea0nvawl4heylhbw7avehbt57 foreign key (pais_iso3) references Pais
alter table nacionalidades add constraint FK9o0ydkmfnkaqxt68qes1dqjqv foreign key (Jugador_id) references Jugador
INSERT INTO PAIS VALUES('Alemania','GER')
COMMIT
INSERT INTO PAIS VALUES('Angola','AGO')
COMMIT
INSERT INTO PAIS VALUES('Argentina','ARG')
COMMIT
INSERT INTO PAIS VALUES('B\u00e9lgica','BEL')
COMMIT
INSERT INTO PAIS VALUES('Brasil','BRA')
COMMIT
INSERT INTO PAIS VALUES('Croacia','HRV')
COMMIT
INSERT INTO PAIS VALUES('Espa\u00f1a','ESP')
COMMIT
INSERT INTO PAIS VALUES('Francia','FRA')
COMMIT
INSERT INTO PAIS VALUES('Inglaterra','ENG')
COMMIT
INSERT INTO PAIS VALUES('Italia','ITA')
COMMIT
INSERT INTO PAIS VALUES('Noruega','NOR')
COMMIT
INSERT INTO PAIS VALUES('Polonia','POL')
COMMIT
INSERT INTO PAIS VALUES('Reino Unido','GBR')
COMMIT
INSERT INTO PAIS VALUES('Rep\u00fablica Democr\u00e1tica del Congo','COD')
COMMIT
INSERT INTO ENTRENADOR VALUES(1,'Carlo Ancelotti','ITA')
COMMIT
INSERT INTO ENTRENADOR VALUES(2,'Xavi Hernandez','ESP')
COMMIT
INSERT INTO ENTRENADOR VALUES(3,'Javier Calleja Revilla','ESP')
COMMIT
INSERT INTO ENTRENADOR VALUES(4,'Thomas Tuchel','GER')
COMMIT
INSERT INTO ENTRENADOR VALUES(5,'J\u00fcrgen Klopp','GER')
COMMIT
INSERT INTO ENTRENADOR VALUES(6,'Rub\u00e9n Baraja','ESP')
COMMIT
INSERT INTO ENTRENADOR VALUES(7,'Pep Guardiola','ESP')
COMMIT
INSERT INTO ENTRENADOR VALUES(10,'''Cholo'' Simeone','ARG')
COMMIT
INSERT INTO EQUIPO VALUES(1,1,'Real Madrid C.F.','ESP')
COMMIT
INSERT INTO EQUIPO VALUES(2,2,'F.C. Barcelona','ESP')
COMMIT
INSERT INTO EQUIPO VALUES(3,3,'Levante U.D.','ESP')
COMMIT
INSERT INTO EQUIPO VALUES(4,4,'Bayern Munich','GER')
COMMIT
INSERT INTO EQUIPO VALUES(5,5,'Liverpool F.C.','GER')
COMMIT
INSERT INTO EQUIPO VALUES(6,6,'Valencia C.F.','ESP')
COMMIT
INSERT INTO EQUIPO VALUES(7,7,'Manchester City','ENG')
COMMIT
INSERT INTO EQUIPO VALUES(10,10,'Atletico de Madrid','ESP')
COMMIT
INSERT INTO JUGADOR VALUES(2,10,1,'1985-09-09',1,'Luka Modric')
COMMIT
INSERT INTO JUGADOR VALUES(2,5,1,'2003-06-29',2,'Jude Bellingham')
COMMIT
INSERT INTO JUGADOR VALUES(2,8,2,'2002-11-25',3,'Pedri')
COMMIT
INSERT INTO JUGADOR VALUES(3,9,2,'1998-08-21',4,'Robert Lewandowski')
COMMIT
INSERT INTO JUGADOR VALUES(3,11,1,'2001-01-09',5,'Rodrygo')
COMMIT
INSERT INTO JUGADOR VALUES(3,7,10,'1991-03-21',6,'Antoine Griezmann')
COMMIT
INSERT INTO JUGADOR VALUES(2,12,1,'2001-11-10',7,'Eduardo Camavinga')
COMMIT
INSERT INTO JUGADOR VALUES(3,9,7,'2000-07-21',8,'Erling Haalland')
COMMIT
INSERT INTO JUGADOR VALUES(0,1,1,'1992-05-11',9,'Thibaut Courtois')
COMMIT
INSERT INTO JUGADOR VALUES(2,8,1,'1990-01-04',10,'Toni Kroos')
COMMIT
INSERT INTO JUGADOR VALUES(3,7,1,'2000-07-12',11,'Vin\u00edcius J\u00fanior')
COMMIT
INSERT INTO JUGADOR VALUES(1,2,1,'1992-01-11',12,'Dani Carvajal')
COMMIT
INSERT INTO NACIONALIDADES VALUES(1,'HRV')
COMMIT
INSERT INTO NACIONALIDADES VALUES(2,'GBR')
COMMIT
INSERT INTO NACIONALIDADES VALUES(3,'ESP')
COMMIT
INSERT INTO NACIONALIDADES VALUES(4,'POL')
COMMIT
INSERT INTO NACIONALIDADES VALUES(5,'BRA')
COMMIT
INSERT INTO NACIONALIDADES VALUES(6,'FRA')
COMMIT
INSERT INTO NACIONALIDADES VALUES(7,'FRA')
COMMIT
INSERT INTO NACIONALIDADES VALUES(7,'AGO')
COMMIT
INSERT INTO NACIONALIDADES VALUES(7,'COD')
COMMIT
INSERT INTO NACIONALIDADES VALUES(8,'NOR')
COMMIT
INSERT INTO NACIONALIDADES VALUES(9,'BEL')
COMMIT
INSERT INTO NACIONALIDADES VALUES(10,'GER')
COMMIT
INSERT INTO NACIONALIDADES VALUES(11,'BRA')
COMMIT
INSERT INTO NACIONALIDADES VALUES(12,'ESP')
COMMIT
DISCONNECT
